<!DOCTYPE html PUBLIC "-//W3C//DTD XHTML 1.1//EN" "http://www.w3.org/TR/xhtml11/DTD/xhtml11.dtd">
<html xmlns="http://www.w3.org/1999/xhtml"><head><title>TestNG Report</title><style type="text/css">table {margin-bottom:10px;border-collapse:collapse;empty-cells:show}th,td {border:1px solid #009;padding:.25em .5em}th {vertical-align:bottom}td {vertical-align:top}table a {font-weight:bold}.stripe td {background-color: #E6EBF9}.num {text-align:right}.passedodd td {background-color: #3F3}.passedeven td {background-color: #0A0}.skippedodd td {background-color: #DDD}.skippedeven td {background-color: #CCC}.failedodd td,.attn {background-color: #F33}.failedeven td,.stripe .attn {background-color: #D00}.stacktrace {white-space:pre;font-family:monospace}.totop {font-size:85%;text-align:center;border-bottom:2px solid #000}</style></head><body><table><tr><th>Test</th><th># Passed</th><th># Skipped</th><th># Failed</th><th>Time (ms)</th><th>Included Groups</th><th>Excluded Groups</th></tr><tr><th colspan="7">Default suite</th></tr><tr><td><a href="#t0">Default test</a></td><td class="num">0</td><td class="num attn">1</td><td class="num">0</td><td class="num">49,864</td><td></td><td></td></tr></table><table><thead><tr><th>Class</th><th>Method</th><th>Start</th><th>Time (ms)</th></tr></thead><tbody><tr><th colspan="4">Default suite</th></tr></tbody><tbody id="t0"><tr><th colspan="4">Default test &#8212; failed (configuration methods)</th></tr><tr class="failedeven"><td rowspan="1">com.SeleniumStudy.WebDriverTest2</td><td><a href="#m0">lunchBrowser</a></td><td rowspan="1">1408103126934</td><td rowspan="1">0</td></tr><tr><th colspan="4">Default test &#8212; skipped (configuration methods)</th></tr><tr class="skippedeven"><td rowspan="1">com.SeleniumStudy.WebDriverTest2</td><td><a href="#m1">closeBrowser</a></td><td rowspan="1">1408103176773</td><td rowspan="1">0</td></tr><tr><th colspan="4">Default test &#8212; skipped</th></tr><tr class="skippedeven"><td rowspan="1">com.SeleniumStudy.WebDriverTest2</td><td><a href="#m2">Merc</a></td><td rowspan="1">1408103176771</td><td rowspan="1">1</td></tr></tbody></table><h2>Default test</h2><h3 id="m0">com.SeleniumStudy.WebDriverTest2#lunchBrowser</h3><table class="result"><tr><th>Exception</th></tr><tr><td><div class="stacktrace">org.openqa.selenium.WebDriverException: Failed to connect to binary FirefoxBinary(C:\Program Files\Mozilla Firefox\firefox.exe) on port 7055; process output follows: 
ddons/XPIProvider.jsm: [&quot;XPIProvider&quot;]
1408103128974	addons.manager	DEBUG	Loaded provider scope for resource://gre/modules/LightweightThemeManager.jsm: [&quot;LightweightThemeManager&quot;]
1408103128977	addons.xpi	DEBUG	startup
1408103128979	addons.xpi	DEBUG	Skipping unavailable install location app-system-local
1408103128979	addons.xpi	DEBUG	Skipping unavailable install location app-system-share
1408103128982	addons.xpi	DEBUG	Ignoring file entry whose name is not a valid add-on ID: C:\Users\Igor\AppData\Local\Temp\anonymous1534068451559987445webdriver-profile\extensions\webdriver-staging
1408103129005	addons.xpi	DEBUG	checkForChanges
1408103129023	addons.xpi	DEBUG	Directory state JSON differs: cache [] state [{&quot;name&quot;:&quot;winreg-app-global&quot;,&quot;addons&quot;:{&quot;fiddlerhook@fiddler2.com&quot;:{&quot;descriptor&quot;:&quot;C:\\Program Files\\Fiddler2\\FiddlerHook&quot;,&quot;mtime&quot;:1402862717440,&quot;rdfTime&quot;:1391542948000}}},{&quot;name&quot;:&quot;app-global&quot;,&quot;addons&quot;:{&quot;{972ce4c6-7e08-4474-a285-3208198ce6fd}&quot;:{&quot;descriptor&quot;:&quot;C:\\Program Files\\Mozilla Firefox\\browser\\extensions\\{972ce4c6-7e08-4474-a285-3208198ce6fd}&quot;,&quot;mtime&quot;:1406148130790,&quot;rdfTime&quot;:1406148130494}}},{&quot;name&quot;:&quot;app-profile&quot;,&quot;addons&quot;:{&quot;fxdriver@googlecode.com&quot;:{&quot;descriptor&quot;:&quot;C:\\Users\\Igor\\AppData\\Local\\Temp\\anonymous1534068451559987445webdriver-profile\\extensions\\fxdriver@googlecode.com&quot;,&quot;mtime&quot;:1408103128320,&quot;rdfTime&quot;:1408103128224}}}]
1408103129031	addons.xpi-utils	DEBUG	Opening XPI database C:\Users\Igor\AppData\Local\Temp\anonymous1534068451559987445webdriver-profile\extensions.json
1408103129032	addons.xpi	DEBUG	New add-on fxdriver@googlecode.com installed in app-profile
*** Blocklist::_loadBlocklistFromFile: blocklist is disabled
1408103129237	addons.xpi-utils	DEBUG	Make addon app-profile:fxdriver@googlecode.com visible
1408103129239	DeferredSave.extensions.json	DEBUG	Save changes
1408103129240	DeferredSave.extensions.json	DEBUG	Save changes
1408103129240	addons.xpi	DEBUG	New add-on {972ce4c6-7e08-4474-a285-3208198ce6fd} installed in app-global
1408103129244	addons.xpi-utils	DEBUG	Make addon app-global:{972ce4c6-7e08-4474-a285-3208198ce6fd} visible
1408103129244	DeferredSave.extensions.json	DEBUG	Save changes
1408103129244	DeferredSave.extensions.json	DEBUG	Save changes
1408103129244	addons.xpi	DEBUG	New add-on fiddlerhook@fiddler2.com installed in winreg-app-global
1408103129252	addons.xpi-utils	DEBUG	Make addon winreg-app-global:fiddlerhook@fiddler2.com visible
1408103129252	DeferredSave.extensions.json	DEBUG	Save changes
1408103129252	DeferredSave.extensions.json	DEBUG	Save changes
1408103129268	addons.xpi	DEBUG	Updating database with changes to installed add-ons
1408103129268	addons.xpi-utils	DEBUG	Updating add-on states
1408103129269	addons.xpi-utils	DEBUG	Writing add-ons list
1408103130937	DeferredSave.extensions.json	DEBUG	Starting timer
1408103130959	DeferredSave.extensions.json	DEBUG	Starting write
1408103131018	addons.manager	DEBUG	shutdown
1408103131018	addons.xpi	DEBUG	shutdown
1408103131018	addons.xpi-utils	DEBUG	shutdown
1408103131051	DeferredSave.extensions.json	DEBUG	Write succeeded
1408103131052	addons.xpi-utils	DEBUG	XPI Database saved, setting schema version preference to 16
1408103131052	addons.xpi	DEBUG	Notifying XPI shutdown observers
1408103131055	addons.manager	DEBUG	Async provider shutdown done
1408103131726	addons.manager	DEBUG	Loaded provider scope for resource://gre/modules/addons/XPIProvider.jsm: [&quot;XPIProvider&quot;]
1408103131729	addons.manager	DEBUG	Loaded provider scope for resource://gre/modules/LightweightThemeManager.jsm: [&quot;LightweightThemeManager&quot;]
1408103131731	addons.xpi	DEBUG	startup
1408103131732	addons.xpi	DEBUG	Skipping unavailable install location app-system-local
1408103131732	addons.xpi	DEBUG	Skipping unavailable install location app-system-share
1408103131734	addons.xpi	DEBUG	Ignoring file entry whose name is not a valid add-on ID: C:\Users\Igor\AppData\Local\Temp\anonymous1534068451559987445webdriver-profile\extensions\webdriver-staging
1408103131755	addons.xpi	DEBUG	checkForChanges
1408103131771	addons.xpi	DEBUG	No changes found

Build info: version: &apos;2.35.0&apos;, revision: &apos;c916b9d&apos;, time: &apos;2013-08-12 15:42:01&apos;
System info: os.name: &apos;Windows 7&apos;, os.arch: &apos;x86&apos;, os.version: &apos;6.1&apos;, java.version: &apos;1.7.0_67&apos;
Driver info: driver.version: FirefoxDriver
	at org.openqa.selenium.firefox.internal.NewProfileExtensionConnection.start(NewProfileExtensionConnection.java:118)
	at org.openqa.selenium.firefox.FirefoxDriver.startClient(FirefoxDriver.java:251)
	at org.openqa.selenium.remote.RemoteWebDriver.&lt;init&gt;(RemoteWebDriver.java:110)
	at org.openqa.selenium.firefox.FirefoxDriver.&lt;init&gt;(FirefoxDriver.java:197)
	at org.openqa.selenium.firefox.FirefoxDriver.&lt;init&gt;(FirefoxDriver.java:190)
	at org.openqa.selenium.firefox.FirefoxDriver.&lt;init&gt;(FirefoxDriver.java:186)
	at org.openqa.selenium.firefox.FirefoxDriver.&lt;init&gt;(FirefoxDriver.java:99)
	at com.SeleniumStudy.SelTestCase2.lunchBrowser(SelTestCase2.java:17)
	at sun.reflect.NativeMethodAccessorImpl.invoke0(Native Method)
	at sun.reflect.NativeMethodAccessorImpl.invoke(Unknown Source)
	at sun.reflect.DelegatingMethodAccessorImpl.invoke(Unknown Source)
	at java.lang.reflect.Method.invoke(Unknown Source)
	at org.testng.internal.MethodInvocationHelper.invokeMethod(MethodInvocationHelper.java:84)
	at org.testng.internal.Invoker.invokeConfigurationMethod(Invoker.java:564)
	at org.testng.internal.Invoker.invokeConfigurations(Invoker.java:213)
	at org.testng.internal.Invoker.invokeMethod(Invoker.java:653)
	at org.testng.internal.Invoker.invokeTestMethod(Invoker.java:901)
	at org.testng.internal.Invoker.invokeTestMethods(Invoker.java:1231)
	at org.testng.internal.TestMethodWorker.invokeTestMethods(TestMethodWorker.java:127)
	at org.testng.internal.TestMethodWorker.run(TestMethodWorker.java:111)
	at org.testng.TestRunner.privateRun(TestRunner.java:767)
	at org.testng.TestRunner.run(TestRunner.java:617)
	at org.testng.SuiteRunner.runTest(SuiteRunner.java:334)
	at org.testng.SuiteRunner.runSequentially(SuiteRunner.java:329)
	at org.testng.SuiteRunner.privateRun(SuiteRunner.java:291)
	at org.testng.SuiteRunner.run(SuiteRunner.java:240)
	at org.testng.SuiteRunnerWorker.runSuite(SuiteRunnerWorker.java:52)
	at org.testng.SuiteRunnerWorker.run(SuiteRunnerWorker.java:86)
	at org.testng.TestNG.runSuitesSequentially(TestNG.java:1224)
	at org.testng.TestNG.runSuitesLocally(TestNG.java:1149)
	at org.testng.TestNG.run(TestNG.java:1057)
	at org.testng.remote.RemoteTestNG.run(RemoteTestNG.java:111)
	at org.testng.remote.RemoteTestNG.initAndRun(RemoteTestNG.java:204)
	at org.testng.remote.RemoteTestNG.main(RemoteTestNG.java:175)
Caused by: org.openqa.selenium.firefox.NotConnectedException: Unable to connect to host 127.0.0.1 on port 7055 after 45000 ms. Firefox console output:
ddons/XPIProvider.jsm: [&quot;XPIProvider&quot;]
1408103128974	addons.manager	DEBUG	Loaded provider scope for resource://gre/modules/LightweightThemeManager.jsm: [&quot;LightweightThemeManager&quot;]
1408103128977	addons.xpi	DEBUG	startup
1408103128979	addons.xpi	DEBUG	Skipping unavailable install location app-system-local
1408103128979	addons.xpi	DEBUG	Skipping unavailable install location app-system-share
1408103128982	addons.xpi	DEBUG	Ignoring file entry whose name is not a valid add-on ID: C:\Users\Igor\AppData\Local\Temp\anonymous1534068451559987445webdriver-profile\extensions\webdriver-staging
1408103129005	addons.xpi	DEBUG	checkForChanges
1408103129023	addons.xpi	DEBUG	Directory state JSON differs: cache [] state [{&quot;name&quot;:&quot;winreg-app-global&quot;,&quot;addons&quot;:{&quot;fiddlerhook@fiddler2.com&quot;:{&quot;descriptor&quot;:&quot;C:\\Program Files\\Fiddler2\\FiddlerHook&quot;,&quot;mtime&quot;:1402862717440,&quot;rdfTime&quot;:1391542948000}}},{&quot;name&quot;:&quot;app-global&quot;,&quot;addons&quot;:{&quot;{972ce4c6-7e08-4474-a285-3208198ce6fd}&quot;:{&quot;descriptor&quot;:&quot;C:\\Program Files\\Mozilla Firefox\\browser\\extensions\\{972ce4c6-7e08-4474-a285-3208198ce6fd}&quot;,&quot;mtime&quot;:1406148130790,&quot;rdfTime&quot;:1406148130494}}},{&quot;name&quot;:&quot;app-profile&quot;,&quot;addons&quot;:{&quot;fxdriver@googlecode.com&quot;:{&quot;descriptor&quot;:&quot;C:\\Users\\Igor\\AppData\\Local\\Temp\\anonymous1534068451559987445webdriver-profile\\extensions\\fxdriver@googlecode.com&quot;,&quot;mtime&quot;:1408103128320,&quot;rdfTime&quot;:1408103128224}}}]
1408103129031	addons.xpi-utils	DEBUG	Opening XPI database C:\Users\Igor\AppData\Local\Temp\anonymous1534068451559987445webdriver-profile\extensions.json
1408103129032	addons.xpi	DEBUG	New add-on fxdriver@googlecode.com installed in app-profile
*** Blocklist::_loadBlocklistFromFile: blocklist is disabled
1408103129237	addons.xpi-utils	DEBUG	Make addon app-profile:fxdriver@googlecode.com visible
1408103129239	DeferredSave.extensions.json	DEBUG	Save changes
1408103129240	DeferredSave.extensions.json	DEBUG	Save changes
1408103129240	addons.xpi	DEBUG	New add-on {972ce4c6-7e08-4474-a285-3208198ce6fd} installed in app-global
1408103129244	addons.xpi-utils	DEBUG	Make addon app-global:{972ce4c6-7e08-4474-a285-3208198ce6fd} visible
1408103129244	DeferredSave.extensions.json	DEBUG	Save changes
1408103129244	DeferredSave.extensions.json	DEBUG	Save changes
1408103129244	addons.xpi	DEBUG	New add-on fiddlerhook@fiddler2.com installed in winreg-app-global
1408103129252	addons.xpi-utils	DEBUG	Make addon winreg-app-global:fiddlerhook@fiddler2.com visible
1408103129252	DeferredSave.extensions.json	DEBUG	Save changes
1408103129252	DeferredSave.extensions.json	DEBUG	Save changes
1408103129268	addons.xpi	DEBUG	Updating database with changes to installed add-ons
1408103129268	addons.xpi-utils	DEBUG	Updating add-on states
1408103129269	addons.xpi-utils	DEBUG	Writing add-ons list
1408103130937	DeferredSave.extensions.json	DEBUG	Starting timer
1408103130959	DeferredSave.extensions.json	DEBUG	Starting write
1408103131018	addons.manager	DEBUG	shutdown
1408103131018	addons.xpi	DEBUG	shutdown
1408103131018	addons.xpi-utils	DEBUG	shutdown
1408103131051	DeferredSave.extensions.json	DEBUG	Write succeeded
1408103131052	addons.xpi-utils	DEBUG	XPI Database saved, setting schema version preference to 16
1408103131052	addons.xpi	DEBUG	Notifying XPI shutdown observers
1408103131055	addons.manager	DEBUG	Async provider shutdown done
1408103131726	addons.manager	DEBUG	Loaded provider scope for resource://gre/modules/addons/XPIProvider.jsm: [&quot;XPIProvider&quot;]
1408103131729	addons.manager	DEBUG	Loaded provider scope for resource://gre/modules/LightweightThemeManager.jsm: [&quot;LightweightThemeManager&quot;]
1408103131731	addons.xpi	DEBUG	startup
1408103131732	addons.xpi	DEBUG	Skipping unavailable install location app-system-local
1408103131732	addons.xpi	DEBUG	Skipping unavailable install location app-system-share
1408103131734	addons.xpi	DEBUG	Ignoring file entry whose name is not a valid add-on ID: C:\Users\Igor\AppData\Local\Temp\anonymous1534068451559987445webdriver-profile\extensions\webdriver-staging
1408103131755	addons.xpi	DEBUG	checkForChanges
1408103131771	addons.xpi	DEBUG	No changes found

	at org.openqa.selenium.firefox.internal.NewProfileExtensionConnection.start(NewProfileExtensionConnection.java:106)
	... 33 more
</div></td></tr></table><p class="totop"><a href="#summary">back to summary</a></p><h3 id="m1">com.SeleniumStudy.WebDriverTest2#closeBrowser</h3><table class="result"></table><p class="totop"><a href="#summary">back to summary</a></p><h3 id="m2">com.SeleniumStudy.WebDriverTest2#Merc</h3><table class="result"></table><p class="totop"><a href="#summary">back to summary</a></p></body></html>